<?xml version="1.0" encoding="UTF-8"?>
<!-- Generated by org.testng.reporters.JUnitReportReporter -->
<testsuite hostname="Pujas-MacBook-Air.local" failures="0" tests="2" name="SauceDemoTest" time="3.249" errors="0" timestamp="2025-07-28T19:12:01 IST" skipped="0">
  <testcase classname="SauceDemoTest" name="testSauceDemoFlow" time="0.314"/>
  <testcase classname="SauceDemoTest" name="validateAboutPageTitle" time="2.935"/>
</testsuite> <!-- SauceDemoTest -->
